app/build/intermediates/manifest_merge_blame_file/release/manifest-merger-blame-release-report.txt
1<?xml version="1.0" encoding="utf-8"?>
2<manifest xmlns:android="http://schemas.android.com/apk/res/android"
3    package="com.applications.lexismeeting"
4    android:versionCode="1"
5    android:versionName="1.0" >
6
7    <uses-sdk
8        android:minSdkVersion="21"
8-->src\main\AndroidManifest.xml
9        android:targetSdkVersion="29" />
9-->src\main\AndroidManifest.xml
10
11    <uses-permission android:name="android.permission.ACCESS_NETWORK_STATE" />
11-->src\main\AndroidManifest.xml:6:5-79
11-->src\main\AndroidManifest.xml:6:22-76
12    <uses-permission android:name="android.permission.INTERNET" />
12-->src\main\AndroidManifest.xml:7:5-67
12-->src\main\AndroidManifest.xml:7:22-64
13    <uses-permission android:name="android.permission.READ_EXTERNAL_STORAGE" />
13-->src\main\AndroidManifest.xml:8:5-80
13-->src\main\AndroidManifest.xml:8:22-77
14    <uses-permission android:name="android.permission.WRITE_EXTERNAL_STORAGE" />
14-->src\main\AndroidManifest.xml:9:5-81
14-->src\main\AndroidManifest.xml:9:22-78
15    <uses-permission android:name="android.permission.RECORD_AUDIO" />
15-->src\main\AndroidManifest.xml:10:5-71
15-->src\main\AndroidManifest.xml:10:22-68
16
17    <uses-feature
17-->src\main\AndroidManifest.xml:12:5-14:35
18        android:name="android.hardware.camera"
18-->src\main\AndroidManifest.xml:13:9-47
19        android:required="true" />
19-->src\main\AndroidManifest.xml:14:9-32
20
21    <uses-permission android:name="android.permission.WAKE_LOCK" /> <!-- Required by older versions of Google Play services to create IID tokens -->
21-->[com.google.firebase:firebase-iid:20.2.3] AndroidManifest.xml:24:5-68
21-->[com.google.firebase:firebase-iid:20.2.3] AndroidManifest.xml:24:22-65
22    <uses-permission android:name="com.google.android.c2dm.permission.RECEIVE" />
22-->[com.google.firebase:firebase-iid:20.2.3] AndroidManifest.xml:26:5-82
22-->[com.google.firebase:firebase-iid:20.2.3] AndroidManifest.xml:26:22-79
23    <uses-permission android:name="com.google.android.finsky.permission.BIND_GET_INSTALL_REFERRER_SERVICE" />
23-->[com.google.android.gms:play-services-measurement:17.4.4] AndroidManifest.xml:26:5-110
23-->[com.google.android.gms:play-services-measurement:17.4.4] AndroidManifest.xml:26:22-107
24
25    <application
25-->src\main\AndroidManifest.xml:17:5-109:19
26        android:name="com.applications.lexismeeting.app.AppController"
26-->src\main\AndroidManifest.xml:18:9-71
27        android:allowBackup="true"
27-->src\main\AndroidManifest.xml:19:9-35
28        android:appComponentFactory="androidx.core.app.CoreComponentFactory"
28-->[androidx.core:core:1.2.0] AndroidManifest.xml:24:18-86
29        android:fullBackupContent="true"
29-->src\main\AndroidManifest.xml:20:9-41
30        android:icon="@mipmap/ic_launcher"
30-->src\main\AndroidManifest.xml:21:9-43
31        android:label="@string/app_name"
31-->src\main\AndroidManifest.xml:22:9-41
32        android:roundIcon="@mipmap/ic_launcher_round"
32-->src\main\AndroidManifest.xml:23:9-54
33        android:supportsRtl="true"
33-->src\main\AndroidManifest.xml:24:9-35
34        android:theme="@style/AppTheme"
34-->src\main\AndroidManifest.xml:25:9-40
35        android:usesCleartextTraffic="true" >
35-->src\main\AndroidManifest.xml:26:9-44
36        <activity
36-->src\main\AndroidManifest.xml:29:9-32:52
37            android:name="com.applications.lexismeeting.activity.RegistrationsListActivity"
37-->src\main\AndroidManifest.xml:30:13-92
38            android:label="@string/title_activity_registrations_list"
38-->src\main\AndroidManifest.xml:31:13-70
39            android:screenOrientation="portrait" />
39-->src\main\AndroidManifest.xml:32:13-49
40        <activity
40-->src\main\AndroidManifest.xml:33:9-35:52
41            android:name="com.applications.lexismeeting.activity.SessionsandTracksActivity"
41-->src\main\AndroidManifest.xml:34:13-92
42            android:screenOrientation="portrait" />
42-->src\main\AndroidManifest.xml:35:13-49
43        <activity
43-->src\main\AndroidManifest.xml:36:9-38:52
44            android:name="com.applications.lexismeeting.activity.AboutUsActivity"
44-->src\main\AndroidManifest.xml:37:13-82
45            android:screenOrientation="portrait" />
45-->src\main\AndroidManifest.xml:38:13-49
46        <activity
46-->src\main\AndroidManifest.xml:39:9-41:52
47            android:name="com.applications.lexismeeting.activity.ContactUsActivity"
47-->src\main\AndroidManifest.xml:40:13-84
48            android:screenOrientation="portrait" />
48-->src\main\AndroidManifest.xml:41:13-49
49        <activity
49-->src\main\AndroidManifest.xml:42:9-44:52
50            android:name="com.applications.lexismeeting.activity.FeedBackActivity"
50-->src\main\AndroidManifest.xml:43:13-83
51            android:screenOrientation="portrait" />
51-->src\main\AndroidManifest.xml:44:13-49
52        <activity
52-->src\main\AndroidManifest.xml:45:9-47:52
53            android:name="com.applications.lexismeeting.activity.FilterActivity"
53-->src\main\AndroidManifest.xml:46:13-81
54            android:screenOrientation="portrait" />
54-->src\main\AndroidManifest.xml:47:13-49
55        <activity
55-->src\main\AndroidManifest.xml:48:9-50:52
56            android:name="com.applications.lexismeeting.activity.UserLoginActivity"
56-->src\main\AndroidManifest.xml:49:13-84
57            android:screenOrientation="portrait" />
57-->src\main\AndroidManifest.xml:50:13-49
58        <activity
58-->src\main\AndroidManifest.xml:51:9-53:52
59            android:name="com.applications.lexismeeting.activity.UserRegistrationActivity"
59-->src\main\AndroidManifest.xml:52:13-91
60            android:screenOrientation="portrait" />
60-->src\main\AndroidManifest.xml:53:13-49
61        <activity
61-->src\main\AndroidManifest.xml:54:9-56:52
62            android:name="com.applications.lexismeeting.activity.BrochureDownloadActivity"
62-->src\main\AndroidManifest.xml:55:13-91
63            android:screenOrientation="portrait" />
63-->src\main\AndroidManifest.xml:56:13-49
64        <activity
64-->src\main\AndroidManifest.xml:57:9-60:63
65            android:name="com.applications.lexismeeting.activity.SubmitAbstractActivity"
65-->src\main\AndroidManifest.xml:58:13-89
66            android:screenOrientation="portrait"
66-->src\main\AndroidManifest.xml:59:13-49
67            android:windowSoftInputMode="stateAlwaysHidden" />
67-->src\main\AndroidManifest.xml:60:13-60
68        <activity
68-->src\main\AndroidManifest.xml:61:9-64:63
69            android:name="com.applications.lexismeeting.activity.CheckOutActivity"
69-->src\main\AndroidManifest.xml:62:13-83
70            android:screenOrientation="portrait"
70-->src\main\AndroidManifest.xml:63:13-49
71            android:windowSoftInputMode="stateAlwaysHidden" />
71-->src\main\AndroidManifest.xml:64:13-60
72        <activity
72-->src\main\AndroidManifest.xml:65:9-67:52
73            android:name="com.applications.lexismeeting.activity.PaymentActivity1"
73-->src\main\AndroidManifest.xml:66:13-83
74            android:screenOrientation="portrait" />
74-->src\main\AndroidManifest.xml:67:13-49
75        <activity
75-->src\main\AndroidManifest.xml:68:9-70:52
76            android:name="com.applications.lexismeeting.activity.PersonalInfoActivity"
76-->src\main\AndroidManifest.xml:69:13-87
77            android:screenOrientation="portrait" />
77-->src\main\AndroidManifest.xml:70:13-49
78        <activity
78-->src\main\AndroidManifest.xml:71:9-79:20
79            android:name="com.applications.lexismeeting.activity.SplashActivity"
79-->src\main\AndroidManifest.xml:72:13-81
80            android:screenOrientation="portrait" >
80-->src\main\AndroidManifest.xml:73:13-49
81            <intent-filter>
81-->src\main\AndroidManifest.xml:74:13-78:29
82                <action android:name="android.intent.action.MAIN" />
82-->src\main\AndroidManifest.xml:75:17-69
82-->src\main\AndroidManifest.xml:75:25-66
83
84                <category android:name="android.intent.category.LAUNCHER" />
84-->src\main\AndroidManifest.xml:77:17-77
84-->src\main\AndroidManifest.xml:77:27-74
85            </intent-filter>
86        </activity>
87        <activity
87-->src\main\AndroidManifest.xml:80:9-82:52
88            android:name="com.applications.lexismeeting.activity.DashBoardActivity"
88-->src\main\AndroidManifest.xml:81:13-84
89            android:screenOrientation="portrait" />
89-->src\main\AndroidManifest.xml:82:13-49
90        <activity
90-->src\main\AndroidManifest.xml:83:9-94:20
91            android:name="com.applications.lexismeeting.activity.HomeActivity"
91-->src\main\AndroidManifest.xml:84:13-79
92            android:screenOrientation="portrait"
92-->src\main\AndroidManifest.xml:85:13-49
93            android:theme="@style/AppThemeNav" >
93-->src\main\AndroidManifest.xml:86:13-47
94            <intent-filter>
94-->src\main\AndroidManifest.xml:87:13-89:29
95                <action android:name="android.intent.action.SEARCH" />
95-->src\main\AndroidManifest.xml:88:17-71
95-->src\main\AndroidManifest.xml:88:25-68
96            </intent-filter>
97
98            <meta-data
98-->src\main\AndroidManifest.xml:91:13-93:54
99                android:name="android.app.searchable"
99-->src\main\AndroidManifest.xml:92:17-54
100                android:resource="@xml/searchable" />
100-->src\main\AndroidManifest.xml:93:17-51
101        </activity>
102
103        <uses-library
103-->src\main\AndroidManifest.xml:96:9-98:40
104            android:name="org.apache.http.legacy"
104-->src\main\AndroidManifest.xml:97:13-50
105            android:required="false" />
105-->src\main\AndroidManifest.xml:98:13-37
106
107        <provider
108            android:name="androidx.core.content.FileProvider"
108-->src\main\AndroidManifest.xml:101:13-62
109            android:authorities="com.applications.lexismeeting.provider"
109-->src\main\AndroidManifest.xml:102:13-60
110            android:exported="false"
110-->src\main\AndroidManifest.xml:103:13-37
111            android:grantUriPermissions="true" >
111-->src\main\AndroidManifest.xml:104:13-47
112            <meta-data
112-->src\main\AndroidManifest.xml:105:13-107:63
113                android:name="android.support.FILE_PROVIDER_PATHS"
113-->src\main\AndroidManifest.xml:106:17-67
114                android:resource="@xml/file_provider_paths" />
114-->src\main\AndroidManifest.xml:107:17-60
115        </provider>
116
117        <activity
117-->[com.karumi:dexter:6.0.0] AndroidManifest.xml:27:9-29:72
118            android:name="com.karumi.dexter.DexterActivity"
118-->[com.karumi:dexter:6.0.0] AndroidManifest.xml:28:13-60
119            android:theme="@style/Dexter.Internal.Theme.Transparent" />
119-->[com.karumi:dexter:6.0.0] AndroidManifest.xml:29:13-69
120        <activity
120-->[com.stripe:stripe-android:14.1.1] AndroidManifest.xml:12:9-14:57
121            android:name="com.stripe.android.view.AddPaymentMethodActivity"
121-->[com.stripe:stripe-android:14.1.1] AndroidManifest.xml:13:13-76
122            android:theme="@style/StripeDefaultTheme" />
122-->[com.stripe:stripe-android:14.1.1] AndroidManifest.xml:14:13-54
123        <activity
123-->[com.stripe:stripe-android:14.1.1] AndroidManifest.xml:15:9-17:57
124            android:name="com.stripe.android.view.PaymentMethodsActivity"
124-->[com.stripe:stripe-android:14.1.1] AndroidManifest.xml:16:13-74
125            android:theme="@style/StripeDefaultTheme" />
125-->[com.stripe:stripe-android:14.1.1] AndroidManifest.xml:17:13-54
126        <activity
126-->[com.stripe:stripe-android:14.1.1] AndroidManifest.xml:18:9-20:57
127            android:name="com.stripe.android.view.PaymentFlowActivity"
127-->[com.stripe:stripe-android:14.1.1] AndroidManifest.xml:19:13-71
128            android:theme="@style/StripeDefaultTheme" />
128-->[com.stripe:stripe-android:14.1.1] AndroidManifest.xml:20:13-54
129        <activity
129-->[com.stripe:stripe-android:14.1.1] AndroidManifest.xml:21:9-23:57
130            android:name="com.stripe.android.view.PaymentAuthWebViewActivity"
130-->[com.stripe:stripe-android:14.1.1] AndroidManifest.xml:22:13-78
131            android:theme="@style/StripeDefaultTheme" />
131-->[com.stripe:stripe-android:14.1.1] AndroidManifest.xml:23:13-54
132        <activity
132-->[com.stripe:stripe-android:14.1.1] AndroidManifest.xml:24:9-26:57
133            android:name="com.stripe.android.view.PaymentRelayActivity"
133-->[com.stripe:stripe-android:14.1.1] AndroidManifest.xml:25:13-72
134            android:theme="@style/StripeDefaultTheme" />
134-->[com.stripe:stripe-android:14.1.1] AndroidManifest.xml:26:13-54
135        <activity
135-->[com.stripe:stripe-3ds2-android:2.5.4] AndroidManifest.xml:12:9-14:54
136            android:name="com.stripe.android.stripe3ds2.views.ChallengeActivity"
136-->[com.stripe:stripe-3ds2-android:2.5.4] AndroidManifest.xml:13:13-81
137            android:theme="@style/Stripe3DS2Theme" />
137-->[com.stripe:stripe-3ds2-android:2.5.4] AndroidManifest.xml:14:13-51
138        <activity
138-->[com.stripe:stripe-3ds2-android:2.5.4] AndroidManifest.xml:15:9-17:54
139            android:name="com.stripe.android.stripe3ds2.views.ChallengeProgressDialogActivity"
139-->[com.stripe:stripe-3ds2-android:2.5.4] AndroidManifest.xml:16:13-95
140            android:theme="@style/Stripe3DS2Theme" />
140-->[com.stripe:stripe-3ds2-android:2.5.4] AndroidManifest.xml:17:13-51
141        <activity
141-->[com.facebook.android:facebook-common:5.15.3] AndroidManifest.xml:30:9-33:66
142            android:name="com.facebook.FacebookActivity"
142-->[com.facebook.android:facebook-common:5.15.3] AndroidManifest.xml:31:13-57
143            android:configChanges="keyboard|keyboardHidden|screenLayout|screenSize|orientation"
143-->[com.facebook.android:facebook-common:5.15.3] AndroidManifest.xml:32:13-96
144            android:theme="@style/com_facebook_activity_theme" />
144-->[com.facebook.android:facebook-common:5.15.3] AndroidManifest.xml:33:13-63
145        <activity android:name="com.facebook.CustomTabMainActivity" />
145-->[com.facebook.android:facebook-common:5.15.3] AndroidManifest.xml:34:9-71
145-->[com.facebook.android:facebook-common:5.15.3] AndroidManifest.xml:34:19-68
146        <activity
146-->[com.facebook.android:facebook-common:5.15.3] AndroidManifest.xml:35:9-49:20
147            android:name="com.facebook.CustomTabActivity"
147-->[com.facebook.android:facebook-common:5.15.3] AndroidManifest.xml:36:13-58
148            android:exported="true" >
148-->[com.facebook.android:facebook-common:5.15.3] AndroidManifest.xml:37:13-36
149            <intent-filter>
149-->[com.facebook.android:facebook-common:5.15.3] AndroidManifest.xml:39:13-48:29
150                <action android:name="android.intent.action.VIEW" />
150-->[com.facebook.android:facebook-common:5.15.3] AndroidManifest.xml:40:17-69
150-->[com.facebook.android:facebook-common:5.15.3] AndroidManifest.xml:40:25-66
151
152                <category android:name="android.intent.category.DEFAULT" />
152-->[com.facebook.android:facebook-common:5.15.3] AndroidManifest.xml:42:17-76
152-->[com.facebook.android:facebook-common:5.15.3] AndroidManifest.xml:42:27-73
153                <category android:name="android.intent.category.BROWSABLE" />
153-->[com.facebook.android:facebook-common:5.15.3] AndroidManifest.xml:43:17-78
153-->[com.facebook.android:facebook-common:5.15.3] AndroidManifest.xml:43:27-75
154
155                <data
155-->[com.facebook.android:facebook-common:5.15.3] AndroidManifest.xml:45:17-47:50
156                    android:host="cct.com.applications.lexismeeting"
156-->[com.facebook.android:facebook-common:5.15.3] AndroidManifest.xml:46:21-56
157                    android:scheme="fbconnect" />
157-->[com.facebook.android:facebook-common:5.15.3] AndroidManifest.xml:47:21-47
158            </intent-filter>
159        </activity>
160
161        <service
161-->[com.google.firebase:firebase-dynamic-links:19.1.0] AndroidManifest.xml:8:9-12:19
162            android:name="com.google.firebase.components.ComponentDiscoveryService"
162-->[com.google.firebase:firebase-dynamic-links:19.1.0] AndroidManifest.xml:8:18-89
163            android:directBootAware="true"
163-->[com.google.firebase:firebase-common:19.3.0] AndroidManifest.xml:34:13-43
164            android:exported="false" >
164-->[com.google.firebase:firebase-messaging:20.2.3] AndroidManifest.xml:38:13-37
165            <meta-data
165-->[com.google.firebase:firebase-dynamic-links:19.1.0] AndroidManifest.xml:9:13-11:85
166                android:name="com.google.firebase.components:com.google.firebase.dynamiclinks.internal.FirebaseDynamicLinkRegistrar"
166-->[com.google.firebase:firebase-dynamic-links:19.1.0] AndroidManifest.xml:10:17-133
167                android:value="com.google.firebase.components.ComponentRegistrar" />
167-->[com.google.firebase:firebase-dynamic-links:19.1.0] AndroidManifest.xml:11:17-82
168            <meta-data
168-->[com.google.firebase:firebase-messaging:20.2.3] AndroidManifest.xml:39:13-41:85
169                android:name="com.google.firebase.components:com.google.firebase.messaging.FirebaseMessagingRegistrar"
169-->[com.google.firebase:firebase-messaging:20.2.3] AndroidManifest.xml:40:17-119
170                android:value="com.google.firebase.components.ComponentRegistrar" />
170-->[com.google.firebase:firebase-messaging:20.2.3] AndroidManifest.xml:41:17-82
171            <meta-data
171-->[com.google.firebase:firebase-auth:19.3.2] AndroidManifest.xml:36:13-38:85
172                android:name="com.google.firebase.components:com.google.firebase.auth.FirebaseAuthRegistrar"
172-->[com.google.firebase:firebase-auth:19.3.2] AndroidManifest.xml:37:17-109
173                android:value="com.google.firebase.components.ComponentRegistrar" />
173-->[com.google.firebase:firebase-auth:19.3.2] AndroidManifest.xml:38:17-82
174            <meta-data
174-->[com.google.firebase:firebase-config:19.2.0] AndroidManifest.xml:32:13-34:85
175                android:name="com.google.firebase.components:com.google.firebase.remoteconfig.RemoteConfigRegistrar"
175-->[com.google.firebase:firebase-config:19.2.0] AndroidManifest.xml:33:17-117
176                android:value="com.google.firebase.components.ComponentRegistrar" />
176-->[com.google.firebase:firebase-config:19.2.0] AndroidManifest.xml:34:17-82
177            <meta-data
177-->[com.google.firebase:firebase-iid:20.2.3] AndroidManifest.xml:32:13-34:85
178                android:name="com.google.firebase.components:com.google.firebase.iid.Registrar"
178-->[com.google.firebase:firebase-iid:20.2.3] AndroidManifest.xml:33:17-96
179                android:value="com.google.firebase.components.ComponentRegistrar" />
179-->[com.google.firebase:firebase-iid:20.2.3] AndroidManifest.xml:34:17-82
180            <meta-data
180-->[com.google.android.gms:play-services-measurement-api:17.4.4] AndroidManifest.xml:30:13-32:85
181                android:name="com.google.firebase.components:com.google.firebase.analytics.connector.internal.AnalyticsConnectorRegistrar"
181-->[com.google.android.gms:play-services-measurement-api:17.4.4] AndroidManifest.xml:31:17-139
182                android:value="com.google.firebase.components.ComponentRegistrar" />
182-->[com.google.android.gms:play-services-measurement-api:17.4.4] AndroidManifest.xml:32:17-82
183            <meta-data
183-->[com.google.firebase:firebase-datatransport:17.0.3] AndroidManifest.xml:28:13-30:85
184                android:name="com.google.firebase.components:com.google.firebase.datatransport.TransportRegistrar"
184-->[com.google.firebase:firebase-datatransport:17.0.3] AndroidManifest.xml:29:17-115
185                android:value="com.google.firebase.components.ComponentRegistrar" />
185-->[com.google.firebase:firebase-datatransport:17.0.3] AndroidManifest.xml:30:17-82
186            <meta-data
186-->[com.google.firebase:firebase-installations:16.3.2] AndroidManifest.xml:17:13-19:85
187                android:name="com.google.firebase.components:com.google.firebase.installations.FirebaseInstallationsRegistrar"
187-->[com.google.firebase:firebase-installations:16.3.2] AndroidManifest.xml:18:17-127
188                android:value="com.google.firebase.components.ComponentRegistrar" />
188-->[com.google.firebase:firebase-installations:16.3.2] AndroidManifest.xml:19:17-82
189            <meta-data
189-->[com.google.firebase:firebase-abt:19.1.0] AndroidManifest.xml:13:13-15:85
190                android:name="com.google.firebase.components:com.google.firebase.abt.component.AbtRegistrar"
190-->[com.google.firebase:firebase-abt:19.1.0] AndroidManifest.xml:14:17-109
191                android:value="com.google.firebase.components.ComponentRegistrar" />
191-->[com.google.firebase:firebase-abt:19.1.0] AndroidManifest.xml:15:17-82
192        </service>
193        <!--
194             FirebaseMessagingService performs security checks at runtime,
195             but set to not exported to explicitly avoid allowing another app to call it.
196        -->
197        <service
197-->[com.google.firebase:firebase-messaging:20.2.3] AndroidManifest.xml:28:9-35:19
198            android:name="com.google.firebase.messaging.FirebaseMessagingService"
198-->[com.google.firebase:firebase-messaging:20.2.3] AndroidManifest.xml:29:13-82
199            android:directBootAware="true"
199-->[com.google.firebase:firebase-messaging:20.2.3] AndroidManifest.xml:30:13-43
200            android:exported="false" >
200-->[com.google.firebase:firebase-messaging:20.2.3] AndroidManifest.xml:31:13-37
201            <intent-filter android:priority="-500" >
201-->[com.google.firebase:firebase-messaging:20.2.3] AndroidManifest.xml:32:13-34:29
201-->[com.google.firebase:firebase-messaging:20.2.3] AndroidManifest.xml:32:28-51
202                <action android:name="com.google.firebase.MESSAGING_EVENT" />
202-->[com.google.firebase:firebase-messaging:20.2.3] AndroidManifest.xml:33:17-78
202-->[com.google.firebase:firebase-messaging:20.2.3] AndroidManifest.xml:33:25-75
203            </intent-filter>
204        </service>
205
206        <activity
206-->[com.google.firebase:firebase-auth:19.3.2] AndroidManifest.xml:24:9-31:50
207            android:name="com.google.firebase.auth.internal.FederatedSignInActivity"
207-->[com.google.firebase:firebase-auth:19.3.2] AndroidManifest.xml:25:13-85
208            android:excludeFromRecents="true"
208-->[com.google.firebase:firebase-auth:19.3.2] AndroidManifest.xml:26:13-46
209            android:exported="true"
209-->[com.google.firebase:firebase-auth:19.3.2] AndroidManifest.xml:27:13-36
210            android:launchMode="singleTask"
210-->[com.google.firebase:firebase-auth:19.3.2] AndroidManifest.xml:28:13-44
211            android:permission="com.google.firebase.auth.api.gms.permission.LAUNCH_FEDERATED_SIGN_IN"
211-->[com.google.firebase:firebase-auth:19.3.2] AndroidManifest.xml:29:13-102
212            android:theme="@android:style/Theme.Translucent.NoTitleBar" />
212-->[com.google.firebase:firebase-auth:19.3.2] AndroidManifest.xml:30:13-72
213        <activity
213-->[com.google.android.gms:play-services-auth:18.0.0] AndroidManifest.xml:23:9-27:75
214            android:name="com.google.android.gms.auth.api.signin.internal.SignInHubActivity"
214-->[com.google.android.gms:play-services-auth:18.0.0] AndroidManifest.xml:24:13-93
215            android:excludeFromRecents="true"
215-->[com.google.android.gms:play-services-auth:18.0.0] AndroidManifest.xml:25:13-46
216            android:exported="false"
216-->[com.google.android.gms:play-services-auth:18.0.0] AndroidManifest.xml:26:13-37
217            android:theme="@android:style/Theme.Translucent.NoTitleBar" />
217-->[com.google.android.gms:play-services-auth:18.0.0] AndroidManifest.xml:27:13-72
218        <!--
219            Service handling Google Sign-In user revocation. For apps that do not integrate with
220            Google Sign-In, this service will never be started.
221        -->
222        <service
222-->[com.google.android.gms:play-services-auth:18.0.0] AndroidManifest.xml:33:9-36:110
223            android:name="com.google.android.gms.auth.api.signin.RevocationBoundService"
223-->[com.google.android.gms:play-services-auth:18.0.0] AndroidManifest.xml:34:13-89
224            android:exported="true"
224-->[com.google.android.gms:play-services-auth:18.0.0] AndroidManifest.xml:35:13-36
225            android:permission="com.google.android.gms.auth.api.signin.permission.REVOCATION_NOTIFICATION" />
225-->[com.google.android.gms:play-services-auth:18.0.0] AndroidManifest.xml:36:13-107
226
227        <receiver
227-->[com.google.firebase:firebase-iid:20.2.3] AndroidManifest.xml:37:9-44:20
228            android:name="com.google.firebase.iid.FirebaseInstanceIdReceiver"
228-->[com.google.firebase:firebase-iid:20.2.3] AndroidManifest.xml:38:13-78
229            android:exported="true"
229-->[com.google.firebase:firebase-iid:20.2.3] AndroidManifest.xml:39:13-36
230            android:permission="com.google.android.c2dm.permission.SEND" >
230-->[com.google.firebase:firebase-iid:20.2.3] AndroidManifest.xml:40:13-73
231            <intent-filter>
231-->[com.google.firebase:firebase-iid:20.2.3] AndroidManifest.xml:41:13-43:29
232                <action android:name="com.google.android.c2dm.intent.RECEIVE" />
232-->[com.google.firebase:firebase-iid:20.2.3] AndroidManifest.xml:42:17-81
232-->[com.google.firebase:firebase-iid:20.2.3] AndroidManifest.xml:42:25-78
233            </intent-filter>
234        </receiver>
235
236        <activity
236-->[com.google.android.gms:play-services-base:17.1.0] AndroidManifest.xml:23:9-26:75
237            android:name="com.google.android.gms.common.api.GoogleApiActivity"
237-->[com.google.android.gms:play-services-base:17.1.0] AndroidManifest.xml:24:13-79
238            android:exported="false"
238-->[com.google.android.gms:play-services-base:17.1.0] AndroidManifest.xml:25:13-37
239            android:theme="@android:style/Theme.Translucent.NoTitleBar" />
239-->[com.google.android.gms:play-services-base:17.1.0] AndroidManifest.xml:26:13-72
240
241        <receiver
241-->[com.google.android.gms:play-services-measurement:17.4.4] AndroidManifest.xml:29:9-33:20
242            android:name="com.google.android.gms.measurement.AppMeasurementReceiver"
242-->[com.google.android.gms:play-services-measurement:17.4.4] AndroidManifest.xml:30:13-85
243            android:enabled="true"
243-->[com.google.android.gms:play-services-measurement:17.4.4] AndroidManifest.xml:31:13-35
244            android:exported="false" >
244-->[com.google.android.gms:play-services-measurement:17.4.4] AndroidManifest.xml:32:13-37
245        </receiver>
246
247        <service
247-->[com.google.android.gms:play-services-measurement:17.4.4] AndroidManifest.xml:35:9-38:40
248            android:name="com.google.android.gms.measurement.AppMeasurementService"
248-->[com.google.android.gms:play-services-measurement:17.4.4] AndroidManifest.xml:36:13-84
249            android:enabled="true"
249-->[com.google.android.gms:play-services-measurement:17.4.4] AndroidManifest.xml:37:13-35
250            android:exported="false" />
250-->[com.google.android.gms:play-services-measurement:17.4.4] AndroidManifest.xml:38:13-37
251        <service
251-->[com.google.android.gms:play-services-measurement:17.4.4] AndroidManifest.xml:39:9-43:72
252            android:name="com.google.android.gms.measurement.AppMeasurementJobService"
252-->[com.google.android.gms:play-services-measurement:17.4.4] AndroidManifest.xml:40:13-87
253            android:enabled="true"
253-->[com.google.android.gms:play-services-measurement:17.4.4] AndroidManifest.xml:41:13-35
254            android:exported="false"
254-->[com.google.android.gms:play-services-measurement:17.4.4] AndroidManifest.xml:42:13-37
255            android:permission="android.permission.BIND_JOB_SERVICE" />
255-->[com.google.android.gms:play-services-measurement:17.4.4] AndroidManifest.xml:43:13-69
256
257        <provider
257-->[com.google.firebase:firebase-common:19.3.0] AndroidManifest.xml:26:9-30:39
258            android:name="com.google.firebase.provider.FirebaseInitProvider"
258-->[com.google.firebase:firebase-common:19.3.0] AndroidManifest.xml:27:13-77
259            android:authorities="com.applications.lexismeeting.firebaseinitprovider"
259-->[com.google.firebase:firebase-common:19.3.0] AndroidManifest.xml:28:13-72
260            android:exported="false"
260-->[com.google.firebase:firebase-common:19.3.0] AndroidManifest.xml:29:13-37
261            android:initOrder="100" />
261-->[com.google.firebase:firebase-common:19.3.0] AndroidManifest.xml:30:13-36
262
263        <meta-data
263-->[com.google.android.gms:play-services-basement:17.2.1] AndroidManifest.xml:23:9-25:69
264            android:name="com.google.android.gms.version"
264-->[com.google.android.gms:play-services-basement:17.2.1] AndroidManifest.xml:24:13-58
265            android:value="@integer/google_play_services_version" />
265-->[com.google.android.gms:play-services-basement:17.2.1] AndroidManifest.xml:25:13-66
266
267        <provider
267-->[androidx.lifecycle:lifecycle-process:2.2.0] AndroidManifest.xml:25:9-29:43
268            android:name="androidx.lifecycle.ProcessLifecycleOwnerInitializer"
268-->[androidx.lifecycle:lifecycle-process:2.2.0] AndroidManifest.xml:26:13-79
269            android:authorities="com.applications.lexismeeting.lifecycle-process"
269-->[androidx.lifecycle:lifecycle-process:2.2.0] AndroidManifest.xml:27:13-69
270            android:exported="false"
270-->[androidx.lifecycle:lifecycle-process:2.2.0] AndroidManifest.xml:28:13-37
271            android:multiprocess="true" />
271-->[androidx.lifecycle:lifecycle-process:2.2.0] AndroidManifest.xml:29:13-40
272        <!--
273         The initialization ContentProvider will call FacebookSdk.sdkInitialize automatically
274         with the application context. This config is merged in with the host app's manifest,